<?xml version="1.0" encoding="UTF-8"?>
<!-- Generated by org.testng.reporters.JUnitReportReporter -->
<testsuite skipped="0" hostname="DESKTOP-7SH55IA" name="com.crm.testcases.LoginPageTest" tests="3" failures="0" timestamp="28 Feb 2018 17:14:14 GMT" time="65.171" errors="0">
  <testcase name="vaildateTitleTest" time="16.574" classname="com.crm.testcases.LoginPageTest"/>
  <testcase name="cmrLogoTest" time="15.638" classname="com.crm.testcases.LoginPageTest"/>
  <testcase name="LoginTest" time="32.959" classname="com.crm.testcases.LoginPageTest"/>
</testsuite> <!-- com.crm.testcases.LoginPageTest -->
