<?xml version="1.0" encoding="UTF-8"?>
<!-- Generated by org.testng.reporters.JUnitReportReporter -->
<testsuite skipped="0" hostname="DESKTOP-7SH55IA" name="com.crm.testcases.HomePageTest" tests="3" failures="0" timestamp="28 Feb 2018 17:14:14 GMT" time="93.686" errors="0">
  <testcase name="verifyHomePageTitleTest" time="31.301" classname="com.crm.testcases.HomePageTest"/>
  <testcase name="verifyCorrectUserNameTest" time="28.636" classname="com.crm.testcases.HomePageTest"/>
  <testcase name="verifyContactsLinkTest" time="33.749" classname="com.crm.testcases.HomePageTest"/>
</testsuite> <!-- com.crm.testcases.HomePageTest -->
