<?xml version="1.0" encoding="UTF-8"?>
<!-- Generated by org.testng.reporters.JUnitReportReporter -->
<testsuite skipped="0" hostname="DESKTOP-7SH55IA" name="com.crm.testcases.LoginPageTest" tests="1" failures="0" timestamp="06 Mar 2018 06:22:21 GMT" time="12.407" errors="0">
  <testcase name="vaildateTitleTest" time="12.407" classname="com.crm.testcases.LoginPageTest"/>
</testsuite> <!-- com.crm.testcases.LoginPageTest -->
