<?xml version="1.0" encoding="UTF-8"?>
<!-- Generated by org.testng.reporters.JUnitReportReporter -->
<testsuite skipped="0" hostname="DESKTOP-7SH55IA" name="com.crm.testcases.ContactsPageTest" tests="1" failures="0" timestamp="06 Mar 2018 06:22:21 GMT" time="38.039" errors="0">
  <testcase name="verifyContactsPageLabel" time="38.039" classname="com.crm.testcases.ContactsPageTest"/>
</testsuite> <!-- com.crm.testcases.ContactsPageTest -->
